  Source.cpp
C:\Users\ld01\source\repos\lab_c4_task2\lab_c4_task2\Source.cpp(13,8): error C2660: fopen_s: функция не принимает 2 аргументов
C:\Program Files (x86)\Windows Kits\10\Include\10.0.18362.0\ucrt\stdio.h(97,34): message : см. объявление "fopen_s"
C:\Users\ld01\source\repos\lab_c4_task2\lab_c4_task2\Source.cpp(18,8): error C2660: fopen_s: функция не принимает 2 аргументов
C:\Program Files (x86)\Windows Kits\10\Include\10.0.18362.0\ucrt\stdio.h(97,34): message : см. объявление "fopen_s"
C:\Users\ld01\source\repos\lab_c4_task2\lab_c4_task2\Source.cpp(38,12): warning C4566: символ, представленный универсальным именем символа "\u0421", невозможно представить в текущей кодовой странице (1250)
C:\Users\ld01\source\repos\lab_c4_task2\lab_c4_task2\Source.cpp(38,12): warning C4566: символ, представленный универсальным именем символа "\u043B", невозможно представить в текущей кодовой странице (1250)
C:\Users\ld01\source\repos\lab_c4_task2\lab_c4_task2\Source.cpp(38,12): warning C4566: символ, представленный универсальным именем символа "\u043E", невозможно представить в текущей кодовой странице (1250)
C:\Users\ld01\source\repos\lab_c4_task2\lab_c4_task2\Source.cpp(38,12): warning C4566: символ, представленный универсальным именем символа "\u0432", невозможно представить в текущей кодовой странице (1250)
C:\Users\ld01\source\repos\lab_c4_task2\lab_c4_task2\Source.cpp(38,12): warning C4566: символ, представленный универсальным именем символа "\u0430", невозможно представить в текущей кодовой странице (1250)
C:\Users\ld01\source\repos\lab_c4_task2\lab_c4_task2\Source.cpp(38,12): warning C4566: символ, представленный универсальным именем символа "\u0438", невозможно представить в текущей кодовой странице (1250)
C:\Users\ld01\source\repos\lab_c4_task2\lab_c4_task2\Source.cpp(38,12): warning C4566: символ, представленный универсальным именем символа "\u0437", невозможно представить в текущей кодовой странице (1250)
C:\Users\ld01\source\repos\lab_c4_task2\lab_c4_task2\Source.cpp(38,12): warning C4566: символ, представленный универсальным именем символа "\u0441", невозможно представить в текущей кодовой странице (1250)
C:\Users\ld01\source\repos\lab_c4_task2\lab_c4_task2\Source.cpp(38,12): warning C4566: символ, представленный универсальным именем символа "\u0440", невозможно представить в текущей кодовой странице (1250)
C:\Users\ld01\source\repos\lab_c4_task2\lab_c4_task2\Source.cpp(38,12): warning C4566: символ, представленный универсальным именем символа "\u044F", невозможно представить в текущей кодовой странице (1250)
C:\Users\ld01\source\repos\lab_c4_task2\lab_c4_task2\Source.cpp(41,47): error C2660: strtok_s: функция не принимает 2 аргументов
C:\Program Files (x86)\Windows Kits\10\Include\10.0.18362.0\ucrt\string.h(64,29): message : см. объявление "strtok_s"
C:\Users\ld01\source\repos\lab_c4_task2\lab_c4_task2\Source.cpp(44,16): warning C4566: символ, представленный универсальным именем символа "\u041A", невозможно представить в текущей кодовой странице (1250)
C:\Users\ld01\source\repos\lab_c4_task2\lab_c4_task2\Source.cpp(44,16): warning C4566: символ, представленный универсальным именем символа "\u043E", невозможно представить в текущей кодовой странице (1250)
C:\Users\ld01\source\repos\lab_c4_task2\lab_c4_task2\Source.cpp(44,16): warning C4566: символ, представленный универсальным именем символа "\u043B", невозможно представить в текущей кодовой странице (1250)
C:\Users\ld01\source\repos\lab_c4_task2\lab_c4_task2\Source.cpp(44,16): warning C4566: символ, представленный универсальным именем символа "\u0438", невозможно представить в текущей кодовой странице (1250)
C:\Users\ld01\source\repos\lab_c4_task2\lab_c4_task2\Source.cpp(44,16): warning C4566: символ, представленный универсальным именем символа "\u0447", невозможно представить в текущей кодовой странице (1250)
C:\Users\ld01\source\repos\lab_c4_task2\lab_c4_task2\Source.cpp(44,16): warning C4566: символ, представленный универсальным именем символа "\u0435", невозможно представить в текущей кодовой странице (1250)
C:\Users\ld01\source\repos\lab_c4_task2\lab_c4_task2\Source.cpp(44,16): warning C4566: символ, представленный универсальным именем символа "\u0441", невозможно представить в текущей кодовой странице (1250)
C:\Users\ld01\source\repos\lab_c4_task2\lab_c4_task2\Source.cpp(44,16): warning C4566: символ, представленный универсальным именем символа "\u0442", невозможно представить в текущей кодовой странице (1250)
C:\Users\ld01\source\repos\lab_c4_task2\lab_c4_task2\Source.cpp(44,16): warning C4566: символ, представленный универсальным именем символа "\u0432", невозможно представить в текущей кодовой странице (1250)
C:\Users\ld01\source\repos\lab_c4_task2\lab_c4_task2\Source.cpp(44,16): warning C4566: символ, представленный универсальным именем символа "\u0445", невозможно представить в текущей кодовой странице (1250)
C:\Users\ld01\source\repos\lab_c4_task2\lab_c4_task2\Source.cpp(44,16): warning C4566: символ, представленный универсальным именем символа "\u0436", невозможно представить в текущей кодовой странице (1250)
C:\Users\ld01\source\repos\lab_c4_task2\lab_c4_task2\Source.cpp(44,16): warning C4566: символ, представленный универсальным именем символа "\u0434", невозможно представить в текущей кодовой странице (1250)
C:\Users\ld01\source\repos\lab_c4_task2\lab_c4_task2\Source.cpp(44,16): warning C4566: символ, представленный универсальным именем символа "\u043D", невозможно представить в текущей кодовой странице (1250)
C:\Users\ld01\source\repos\lab_c4_task2\lab_c4_task2\Source.cpp(44,16): warning C4566: символ, представленный универсальным именем символа "\u0439", невозможно представить в текущей кодовой странице (1250)
C:\Users\ld01\source\repos\lab_c4_task2\lab_c4_task2\Source.cpp(44,16): warning C4566: символ, представленный универсальным именем символа "\u0430", невозможно представить в текущей кодовой странице (1250)
C:\Users\ld01\source\repos\lab_c4_task2\lab_c4_task2\Source.cpp(72,41): error C2660: strtok_s: функция не принимает 2 аргументов
C:\Program Files (x86)\Windows Kits\10\Include\10.0.18362.0\ucrt\string.h(64,29): message : см. объявление "strtok_s"
