  Source.cpp
C:\Users\ld01\source\repos\lab_c4_task1\lab_c4_task1\Source.cpp(21,12): warning C4566: символ, представленный универсальным именем символа "\u0412", невозможно представить в текущей кодовой странице (1250)
C:\Users\ld01\source\repos\lab_c4_task1\lab_c4_task1\Source.cpp(21,12): warning C4566: символ, представленный универсальным именем символа "\u0432", невозможно представить в текущей кодовой странице (1250)
C:\Users\ld01\source\repos\lab_c4_task1\lab_c4_task1\Source.cpp(21,12): warning C4566: символ, представленный универсальным именем символа "\u0435", невозможно представить в текущей кодовой странице (1250)
C:\Users\ld01\source\repos\lab_c4_task1\lab_c4_task1\Source.cpp(21,12): warning C4566: символ, представленный универсальным именем символа "\u0434", невозможно представить в текущей кодовой странице (1250)
C:\Users\ld01\source\repos\lab_c4_task1\lab_c4_task1\Source.cpp(21,12): warning C4566: символ, представленный универсальным именем символа "\u0438", невозможно представить в текущей кодовой странице (1250)
C:\Users\ld01\source\repos\lab_c4_task1\lab_c4_task1\Source.cpp(21,12): warning C4566: символ, представленный универсальным именем символа "\u0442", невозможно представить в текущей кодовой странице (1250)
C:\Users\ld01\source\repos\lab_c4_task1\lab_c4_task1\Source.cpp(21,12): warning C4566: символ, представленный универсальным именем символа "\u043C", невозможно представить в текущей кодовой странице (1250)
C:\Users\ld01\source\repos\lab_c4_task1\lab_c4_task1\Source.cpp(21,12): warning C4566: символ, представленный универсальным именем символа "\u043D", невозможно представить в текущей кодовой странице (1250)
C:\Users\ld01\source\repos\lab_c4_task1\lab_c4_task1\Source.cpp(21,12): warning C4566: символ, представленный универсальным именем символа "\u043E", невозможно представить в текущей кодовой странице (1250)
C:\Users\ld01\source\repos\lab_c4_task1\lab_c4_task1\Source.cpp(21,12): warning C4566: символ, представленный универсальным именем символа "\u0433", невозможно представить в текущей кодовой странице (1250)
C:\Users\ld01\source\repos\lab_c4_task1\lab_c4_task1\Source.cpp(21,12): warning C4566: символ, представленный универсальным именем символа "\u0441", невозможно представить в текущей кодовой странице (1250)
C:\Users\ld01\source\repos\lab_c4_task1\lab_c4_task1\Source.cpp(21,12): warning C4566: символ, представленный универсальным именем символа "\u0440", невозможно представить в текущей кодовой странице (1250)
C:\Users\ld01\source\repos\lab_c4_task1\lab_c4_task1\Source.cpp(21,12): warning C4566: символ, представленный универсальным именем символа "\u0447", невозможно представить в текущей кодовой странице (1250)
C:\Users\ld01\source\repos\lab_c4_task1\lab_c4_task1\Source.cpp(21,12): warning C4566: символ, представленный универсальным именем символа "\u044B", невозможно представить в текущей кодовой странице (1250)
C:\Users\ld01\source\repos\lab_c4_task1\lab_c4_task1\Source.cpp(21,12): warning C4566: символ, представленный универсальным именем символа "\u0439", невозможно представить в текущей кодовой странице (1250)
C:\Users\ld01\source\repos\lab_c4_task1\lab_c4_task1\Source.cpp(21,12): warning C4566: символ, представленный универсальным именем символа "\u043A", невозможно представить в текущей кодовой странице (1250)
C:\Users\ld01\source\repos\lab_c4_task1\lab_c4_task1\Source.cpp(21,12): warning C4566: символ, представленный универсальным именем символа "\u0430", невозможно представить в текущей кодовой странице (1250)
C:\Users\ld01\source\repos\lab_c4_task1\lab_c4_task1\Source.cpp(21,12): warning C4566: символ, представленный универсальным именем символа "\u043B", невозможно представить в текущей кодовой странице (1250)
C:\Users\ld01\source\repos\lab_c4_task1\lab_c4_task1\Source.cpp(21,12): warning C4566: символ, представленный универсальным именем символа "\u044F", невозможно представить в текущей кодовой странице (1250)
C:\Users\ld01\source\repos\lab_c4_task1\lab_c4_task1\Source.cpp(21,12): warning C4566: символ, представленный универсальным именем символа "\u0437", невозможно представить в текущей кодовой странице (1250)
C:\Users\ld01\source\repos\lab_c4_task1\lab_c4_task1\Source.cpp(21,12): warning C4566: символ, представленный универсальным именем символа "\u0414", невозможно представить в текущей кодовой странице (1250)
C:\Users\ld01\source\repos\lab_c4_task1\lab_c4_task1\Source.cpp(21,12): warning C4566: символ, представленный универсальным именем символа "\u0448", невозможно представить в текущей кодовой странице (1250)
C:\Users\ld01\source\repos\lab_c4_task1\lab_c4_task1\Source.cpp(32,12): warning C4566: символ, представленный универсальным именем символа "\u041F", невозможно представить в текущей кодовой странице (1250)
C:\Users\ld01\source\repos\lab_c4_task1\lab_c4_task1\Source.cpp(32,12): warning C4566: символ, представленный универсальным именем символа "\u0440", невозможно представить в текущей кодовой странице (1250)
C:\Users\ld01\source\repos\lab_c4_task1\lab_c4_task1\Source.cpp(32,12): warning C4566: символ, представленный универсальным именем символа "\u0435", невозможно представить в текущей кодовой странице (1250)
C:\Users\ld01\source\repos\lab_c4_task1\lab_c4_task1\Source.cpp(32,12): warning C4566: символ, представленный универсальным именем символа "\u043E", невозможно представить в текущей кодовой странице (1250)
C:\Users\ld01\source\repos\lab_c4_task1\lab_c4_task1\Source.cpp(32,12): warning C4566: символ, представленный универсальным именем символа "\u0431", невозможно представить в текущей кодовой странице (1250)
C:\Users\ld01\source\repos\lab_c4_task1\lab_c4_task1\Source.cpp(32,12): warning C4566: символ, представленный универсальным именем символа "\u0430", невозможно представить в текущей кодовой странице (1250)
C:\Users\ld01\source\repos\lab_c4_task1\lab_c4_task1\Source.cpp(32,12): warning C4566: символ, представленный универсальным именем символа "\u0437", невозможно представить в текущей кодовой странице (1250)
C:\Users\ld01\source\repos\lab_c4_task1\lab_c4_task1\Source.cpp(32,12): warning C4566: символ, представленный универсальным именем символа "\u0432", невозможно представить в текущей кодовой странице (1250)
C:\Users\ld01\source\repos\lab_c4_task1\lab_c4_task1\Source.cpp(32,12): warning C4566: символ, представленный универсальным именем символа "\u043D", невозможно представить в текущей кодовой странице (1250)
C:\Users\ld01\source\repos\lab_c4_task1\lab_c4_task1\Source.cpp(32,12): warning C4566: символ, представленный универсальным именем символа "\u044B", невозможно представить в текущей кодовой странице (1250)
C:\Users\ld01\source\repos\lab_c4_task1\lab_c4_task1\Source.cpp(32,12): warning C4566: символ, представленный универсальным именем символа "\u0439", невозможно представить в текущей кодовой странице (1250)
C:\Users\ld01\source\repos\lab_c4_task1\lab_c4_task1\Source.cpp(32,12): warning C4566: символ, представленный универсальным именем символа "\u0442", невозможно представить в текущей кодовой странице (1250)
C:\Users\ld01\source\repos\lab_c4_task1\lab_c4_task1\Source.cpp(32,12): warning C4566: символ, представленный универсальным именем символа "\u043A", невозможно представить в текущей кодовой странице (1250)
C:\Users\ld01\source\repos\lab_c4_task1\lab_c4_task1\Source.cpp(32,12): warning C4566: символ, представленный универсальным именем символа "\u0441", невозможно представить в текущей кодовой странице (1250)
C:\Users\ld01\source\repos\lab_c4_task1\lab_c4_task1\Source.cpp(32,12): warning C4566: символ, представленный универсальным именем символа "\u043F", невозможно представить в текущей кодовой странице (1250)
C:\Users\ld01\source\repos\lab_c4_task1\lab_c4_task1\Source.cpp(32,12): warning C4566: символ, представленный универсальным именем символа "\u043B", невозможно представить в текущей кодовой странице (1250)
C:\Users\ld01\source\repos\lab_c4_task1\lab_c4_task1\Source.cpp(32,12): warning C4566: символ, представленный универсальным именем символа "\u0434", невозможно представить в текущей кодовой странице (1250)
C:\Users\ld01\source\repos\lab_c4_task1\lab_c4_task1\Source.cpp(32,12): warning C4566: символ, представленный универсальным именем символа "\u044F", невозможно представить в текущей кодовой странице (1250)
C:\Users\ld01\source\repos\lab_c4_task1\lab_c4_task1\Source.cpp(32,12): warning C4566: символ, представленный универсальным именем символа "\u0443", невозможно представить в текущей кодовой странице (1250)
C:\Users\ld01\source\repos\lab_c4_task1\lab_c4_task1\Source.cpp(32,12): warning C4566: символ, представленный универсальным именем символа "\u0447", невозможно представить в текущей кодовой странице (1250)
C:\Users\ld01\source\repos\lab_c4_task1\lab_c4_task1\Source.cpp(33,9): warning C4566: символ, представленный универсальным именем символа "\u0412", невозможно представить в текущей кодовой странице (1250)
C:\Users\ld01\source\repos\lab_c4_task1\lab_c4_task1\Source.cpp(33,9): warning C4566: символ, представленный универсальным именем символа "\u0441", невозможно представить в текущей кодовой странице (1250)
C:\Users\ld01\source\repos\lab_c4_task1\lab_c4_task1\Source.cpp(33,9): warning C4566: символ, представленный универсальным именем символа "\u043B", невозможно представить в текущей кодовой странице (1250)
C:\Users\ld01\source\repos\lab_c4_task1\lab_c4_task1\Source.cpp(33,9): warning C4566: символ, представленный универсальным именем символа "\u043E", невозможно представить в текущей кодовой странице (1250)
C:\Users\ld01\source\repos\lab_c4_task1\lab_c4_task1\Source.cpp(33,9): warning C4566: символ, представленный универсальным именем символа "\u0432", невозможно представить в текущей кодовой странице (1250)
C:\Users\ld01\source\repos\lab_c4_task1\lab_c4_task1\Source.cpp(33,9): warning C4566: символ, представленный универсальным именем символа "\u0435", невозможно представить в текущей кодовой странице (1250)
C:\Users\ld01\source\repos\lab_c4_task1\lab_c4_task1\Source.cpp(33,9): warning C4566: символ, представленный универсальным именем символа "\u0442", невозможно представить в текущей кодовой странице (1250)
C:\Users\ld01\source\repos\lab_c4_task1\lab_c4_task1\Source.cpp(33,9): warning C4566: символ, представленный универсальным именем символа "\u0430", невозможно представить в текущей кодовой странице (1250)
C:\Users\ld01\source\repos\lab_c4_task1\lab_c4_task1\Source.cpp(33,9): warning C4566: символ, представленный универсальным именем символа "\u043D", невозможно представить в текущей кодовой странице (1250)
C:\Users\ld01\source\repos\lab_c4_task1\lab_c4_task1\Source.cpp(33,9): warning C4566: символ, представленный универсальным именем символа "\u044C", невозможно представить в текущей кодовой странице (1250)
C:\Users\ld01\source\repos\lab_c4_task1\lab_c4_task1\Source.cpp(33,9): warning C4566: символ, представленный универсальным именем символа "\u043A", невозможно представить в текущей кодовой странице (1250)
C:\Users\ld01\source\repos\lab_c4_task1\lab_c4_task1\Source.cpp(33,9): warning C4566: символ, представленный универсальным именем символа "\u043F", невозможно представить в текущей кодовой странице (1250)
C:\Users\ld01\source\repos\lab_c4_task1\lab_c4_task1\Source.cpp(33,9): warning C4566: символ, представленный универсальным именем символа "\u0440", невозможно представить в текущей кодовой странице (1250)
C:\Users\ld01\source\repos\lab_c4_task1\lab_c4_task1\Source.cpp(33,9): warning C4566: символ, представленный универсальным именем символа "\u044B", невозможно представить в текущей кодовой странице (1250)
C:\Users\ld01\source\repos\lab_c4_task1\lab_c4_task1\Source.cpp(33,9): warning C4566: символ, представленный универсальным именем символа "\u0445", невозможно представить в текущей кодовой странице (1250)
C:\Users\ld01\source\repos\lab_c4_task1\lab_c4_task1\Source.cpp(33,9): warning C4566: символ, представленный универсальным именем символа "\u0436", невозможно представить в текущей кодовой странице (1250)
C:\Users\ld01\source\repos\lab_c4_task1\lab_c4_task1\Source.cpp(33,9): warning C4566: символ, представленный универсальным именем символа "\u0434", невозможно представить в текущей кодовой странице (1250)
C:\Users\ld01\source\repos\lab_c4_task1\lab_c4_task1\Source.cpp(33,9): warning C4566: символ, представленный универсальным именем символа "\u0438", невозможно представить в текущей кодовой странице (1250)
C:\Users\ld01\source\repos\lab_c4_task1\lab_c4_task1\Source.cpp(33,9): warning C4566: символ, представленный универсальным именем символа "\u044F", невозможно представить в текущей кодовой странице (1250)
C:\Users\ld01\source\repos\lab_c4_task1\lab_c4_task1\Source.cpp(33,9): warning C4566: символ, представленный универсальным именем символа "\u0439", невозможно представить в текущей кодовой странице (1250)
C:\Users\ld01\source\repos\lab_c4_task1\lab_c4_task1\Source.cpp(33,9): warning C4566: символ, представленный универсальным именем символа "\u0431", невозможно представить в текущей кодовой странице (1250)
C:\Users\ld01\source\repos\lab_c4_task1\lab_c4_task1\Source.cpp(33,9): warning C4566: символ, представленный универсальным именем символа "\u0443", невозможно представить в текущей кодовой странице (1250)
C:\Users\ld01\source\repos\lab_c4_task1\lab_c4_task1\Source.cpp(135,23): warning C4018: <: несоответствие типов со знаком и без знака
C:\Users\ld01\source\repos\lab_c4_task1\lab_c4_task1\Source.cpp(146,35): warning C4018: <: несоответствие типов со знаком и без знака
C:\Users\ld01\source\repos\lab_c4_task1\lab_c4_task1\Source.cpp(151,39): warning C4018: <: несоответствие типов со знаком и без знака
C:\Users\ld01\source\repos\lab_c4_task1\lab_c4_task1\Source.cpp(182,19): warning C4018: <: несоответствие типов со знаком и без знака
  lab_c4_task1.vcxproj -> C:\Users\ld01\source\repos\lab_c4_task1\Debug\lab_c4_task1.exe
